  imgui.cpp
  imgui_demo.cpp
  imgui_draw.cpp
  imgui_impl_glfw.cpp
  imgui_impl_opengl3.cpp
  imgui_tables.cpp
  imgui_widgets.cpp
  main.cpp
D:\OpenglProject\Basic\OpenGL\OpenGL\源文件\shader.h(5,10): warning C4067: 预处理器指令后有意外标记 - 应输入换行符
D:\OpenglProject\Basic\OpenGL\OpenGL\源文件\camera.h(28,23): warning C4305: “初始化”: 从“double”到“float”截断
D:\OpenglProject\Basic\OpenGL\OpenGL\源文件\camera.h(37,28): warning C4244: “初始化”: 从“double”转换到“float”，可能丢失数据
D:\OpenglProject\Basic\OpenGL\OpenGL\源文件\camera.h(61,21): warning C4244: “=”: 从“double”转换到“float”，可能丢失数据
D:\OpenglProject\Basic\OpenGL\OpenGL\源文件\camera.h(62,21): warning C4244: “=”: 从“double”转换到“float”，可能丢失数据
D:\OpenglProject\Basic\OpenGL\OpenGL\源文件\camera.h(66,23): warning C4244: “初始化”: 从“double”转换到“float”，可能丢失数据
D:\OpenglProject\Basic\OpenGL\OpenGL\源文件\camera.h(67,23): warning C4244: “初始化”: 从“double”转换到“float”，可能丢失数据
D:\OpenglProject\Basic\OpenGL\OpenGL\源文件\camera.h(68,17): warning C4244: “=”: 从“double”转换到“float”，可能丢失数据
D:\OpenglProject\Basic\OpenGL\OpenGL\源文件\camera.h(69,17): warning C4244: “=”: 从“double”转换到“float”，可能丢失数据
D:\OpenglProject\Basic\OpenGL\OpenGL\源文件\camera.h(96,20): warning C4244: “-=”: 从“double”转换到“float”，可能丢失数据
D:\OpenglProject\Basic\OpenGL\OpenGL\源文件\main.cpp(100,69): warning C4244: “参数”: 从“const float”转换到“int”，可能丢失数据
D:\OpenglProject\Basic\OpenGL\OpenGL\源文件\main.cpp(100,49): warning C4244: “参数”: 从“const float”转换到“int”，可能丢失数据
D:\OpenglProject\Basic\OpenGL\OpenGL\源文件\main.cpp(218,25): warning C4244: “初始化”: 从“double”转换到“float”，可能丢失数据
  正在生成代码...
  glad.c
LINK : warning LNK4098: 默认库“MSVCRT”与其他库的使用冲突；请使用 /NODEFAULTLIB:library
  OpenGL.vcxproj -> D:\OpenglProject\Basic\OpenGL\x64\Debug\OpenGL.exe
