d:\openglproject\cpp\opengl\opengl\x64\debug\vc143.pdb
d:\openglproject\cpp\opengl\opengl\x64\debug\vc143.idb
d:\openglproject\cpp\opengl\opengl\x64\debug\main.obj
d:\openglproject\cpp\opengl\opengl\x64\debug\imgui_widgets.obj
d:\openglproject\cpp\opengl\opengl\x64\debug\imgui_tables.obj
d:\openglproject\cpp\opengl\opengl\x64\debug\imgui_impl_opengl3.obj
d:\openglproject\cpp\opengl\opengl\x64\debug\imgui_impl_glfw.obj
d:\openglproject\cpp\opengl\opengl\x64\debug\imgui_draw.obj
d:\openglproject\cpp\opengl\opengl\x64\debug\imgui_demo.obj
d:\openglproject\cpp\opengl\opengl\x64\debug\imgui.obj
d:\openglproject\cpp\opengl\opengl\x64\debug\glad.obj
d:\openglproject\cpp\opengl\opengl\x64\debug\opengl.ilk
d:\openglproject\cpp\opengl\x64\debug\opengl.exe
d:\openglproject\cpp\opengl\x64\debug\opengl.pdb
d:\openglproject\cpp\opengl\opengl\x64\debug\main.obj.enc
d:\openglproject\cpp\opengl\opengl\x64\debug\opengl.tlog\cl.command.1.tlog
d:\openglproject\cpp\opengl\opengl\x64\debug\opengl.tlog\cl.read.1.tlog
d:\openglproject\cpp\opengl\opengl\x64\debug\opengl.tlog\cl.write.1.tlog
d:\openglproject\cpp\opengl\opengl\x64\debug\opengl.tlog\link.command.1.tlog
d:\openglproject\cpp\opengl\opengl\x64\debug\opengl.tlog\link.read.1.tlog
d:\openglproject\cpp\opengl\opengl\x64\debug\opengl.tlog\link.write.1.tlog
